
LICENSE SYSTEM [201876 9:51:54] Next license update check is after 2018-07-06T00:43:30

Built from '2018.2/staging' branch; Version is '2018.2.0b11 (912020d71ebf) revision 9510944'; Using compiler version '191225831'
OS: 'Windows 10  (10.0.0) 64bit' Language: 'zh' Physical Memory: 32713 MB
BatchMode: 0, IsHumanControllingUs: 1, StartBugReporterOnCrash: 1, Is64bit: 1, IsPro: 1
[Package Manager] Server::Start -- Port 51371 was selected

 COMMAND LINE ARGUMENTS:
C:\Program Files\Unity\Hub\Editor\2018.2.0b11\Editor\Unity.exe
-projectpath
G:\Work\IncrementalTest
-cloudEnvironment
production
-useHub
-hubSessionId
62cb7650-80b4-11e8-a389-cbe3c1ce5bbd
Successfully changed project path to: G:\Work\IncrementalTest
G:/Work/IncrementalTest
Loading GUID <-> Path mappings...0.000090 seconds
Loading Asset Database...0.007355 seconds
Audio: FMOD Profiler initialized on port 54900
AssetDatabase consistency checks...0.012186 seconds
Refreshing native plugins compatible for Editor in 34.42 ms, found 4 plugins.
Preloading 0 native plugins for Editor in 0.00 ms.
[Package Manager] Done resolving packages in 0.13s seconds
[Package Manager] Registering 37 packages:
[Package Manager]  * Package :  com.unity.ads@2.0.8
    (location: C:\Users\t_sun\AppData\Local\Unity\cache\packages\packages.unity.com\com.unity.ads@2.0.8)
[Package Manager]  * Package :  com.unity.analytics@2.0.16
    (location: C:\Users\t_sun\AppData\Local\Unity\cache\packages\packages.unity.com\com.unity.analytics@2.0.16)
[Package Manager]  * Package :  com.unity.incrementalcompiler@0.0.42-preview.1
    (location: C:\Users\t_sun\AppData\Local\Unity\cache\packages\packages.unity.com\com.unity.incrementalcompiler@0.0.42-preview.1)
[Package Manager]  * Package :  com.unity.package-manager-ui@1.9.11
    (location: C:\Users\t_sun\AppData\Local\Unity\cache\packages\packages.unity.com\com.unity.package-manager-ui@1.9.11)
[Package Manager]  * Package :  com.unity.purchasing@2.0.3
    (location: C:\Users\t_sun\AppData\Local\Unity\cache\packages\packages.unity.com\com.unity.purchasing@2.0.3)
[Package Manager]  * Package :  com.unity.textmeshpro@1.2.1
    (location: C:\Users\t_sun\AppData\Local\Unity\cache\packages\packages.unity.com\com.unity.textmeshpro@1.2.1)
[Package Manager]  * Package :  com.unity.modules.ai@1.0.0
    (location: C:\Program Files\Unity\Hub\Editor\2018.2.0b11\Editor\Data\Resources\PackageManager\BuiltInPackages\com.unity.modules.ai)
[Package Manager]  * Package :  com.unity.modules.animation@1.0.0
    (location: C:\Program Files\Unity\Hub\Editor\2018.2.0b11\Editor\Data\Resources\PackageManager\BuiltInPackages\com.unity.modules.animation)
[Package Manager]  * Package :  com.unity.modules.assetbundle@1.0.0
    (location: C:\Program Files\Unity\Hub\Editor\2018.2.0b11\Editor\Data\Resources\PackageManager\BuiltInPackages\com.unity.modules.assetbundle)
[Package Manager]  * Package :  com.unity.modules.audio@1.0.0
    (location: C:\Program Files\Unity\Hub\Editor\2018.2.0b11\Editor\Data\Resources\PackageManager\BuiltInPackages\com.unity.modules.audio)
[Package Manager]  * Package :  com.unity.modules.cloth@1.0.0
    (location: C:\Program Files\Unity\Hub\Editor\2018.2.0b11\Editor\Data\Resources\PackageManager\BuiltInPackages\com.unity.modules.cloth)
[Package Manager]  * Package :  com.unity.modules.director@1.0.0
    (location: C:\Program Files\Unity\Hub\Editor\2018.2.0b11\Editor\Data\Resources\PackageManager\BuiltInPackages\com.unity.modules.director)
[Package Manager]  * Package :  com.unity.modules.imageconversion@1.0.0
    (location: C:\Program Files\Unity\Hub\Editor\2018.2.0b11\Editor\Data\Resources\PackageManager\BuiltInPackages\com.unity.modules.imageconversion)
[Package Manager]  * Package :  com.unity.modules.imgui@1.0.0
    (location: C:\Program Files\Unity\Hub\Editor\2018.2.0b11\Editor\Data\Resources\PackageManager\BuiltInPackages\com.unity.modules.imgui)
[Package Manager]  * Package :  com.unity.modules.jsonserialize@1.0.0
    (location: C:\Program Files\Unity\Hub\Editor\2018.2.0b11\Editor\Data\Resources\PackageManager\BuiltInPackages\com.unity.modules.jsonserialize)
[Package Manager]  * Package :  com.unity.modules.particlesystem@1.0.0
    (location: C:\Program Files\Unity\Hub\Editor\2018.2.0b11\Editor\Data\Resources\PackageManager\BuiltInPackages\com.unity.modules.particlesystem)
[Package Manager]  * Package :  com.unity.modules.physics@1.0.0
    (location: C:\Program Files\Unity\Hub\Editor\2018.2.0b11\Editor\Data\Resources\PackageManager\BuiltInPackages\com.unity.modules.physics)
[Package Manager]  * Package :  com.unity.modules.physics2d@1.0.0
    (location: C:\Program Files\Unity\Hub\Editor\2018.2.0b11\Editor\Data\Resources\PackageManager\BuiltInPackages\com.unity.modules.physics2d)
[Package Manager]  * Package :  com.unity.modules.screencapture@1.0.0
    (location: C:\Program Files\Unity\Hub\Editor\2018.2.0b11\Editor\Data\Resources\PackageManager\BuiltInPackages\com.unity.modules.screencapture)
[Package Manager]  * Package :  com.unity.modules.terrain@1.0.0
    (location: C:\Program Files\Unity\Hub\Editor\2018.2.0b11\Editor\Data\Resources\PackageManager\BuiltInPackages\com.unity.modules.terrain)
[Package Manager]  * Package :  com.unity.modules.terrainphysics@1.0.0
    (location: C:\Program Files\Unity\Hub\Editor\2018.2.0b11\Editor\Data\Resources\PackageManager\BuiltInPackages\com.unity.modules.terrainphysics)
[Package Manager]  * Package :  com.unity.modules.tilemap@1.0.0
    (location: C:\Program Files\Unity\Hub\Editor\2018.2.0b11\Editor\Data\Resources\PackageManager\BuiltInPackages\com.unity.modules.tilemap)
[Package Manager]  * Package :  com.unity.modules.ui@1.0.0
    (location: C:\Program Files\Unity\Hub\Editor\2018.2.0b11\Editor\Data\Resources\PackageManager\BuiltInPackages\com.unity.modules.ui)
[Package Manager]  * Package :  com.unity.modules.uielements@1.0.0
    (location: C:\Program Files\Unity\Hub\Editor\2018.2.0b11\Editor\Data\Resources\PackageManager\BuiltInPackages\com.unity.modules.uielements)
[Package Manager]  * Package :  com.unity.modules.umbra@1.0.0
    (location: C:\Program Files\Unity\Hub\Editor\2018.2.0b11\Editor\Data\Resources\PackageManager\BuiltInPackages\com.unity.modules.umbra)
[Package Manager]  * Package :  com.unity.modules.unityanalytics@1.0.0
    (location: C:\Program Files\Unity\Hub\Editor\2018.2.0b11\Editor\Data\Resources\PackageManager\BuiltInPackages\com.unity.modules.unityanalytics)
[Package Manager]  * Package :  com.unity.modules.unitywebrequest@1.0.0
    (location: C:\Program Files\Unity\Hub\Editor\2018.2.0b11\Editor\Data\Resources\PackageManager\BuiltInPackages\com.unity.modules.unitywebrequest)
[Package Manager]  * Package :  com.unity.modules.unitywebrequestassetbundle@1.0.0
    (location: C:\Program Files\Unity\Hub\Editor\2018.2.0b11\Editor\Data\Resources\PackageManager\BuiltInPackages\com.unity.modules.unitywebrequestassetbundle)
[Package Manager]  * Package :  com.unity.modules.unitywebrequestaudio@1.0.0
    (location: C:\Program Files\Unity\Hub\Editor\2018.2.0b11\Editor\Data\Resources\PackageManager\BuiltInPackages\com.unity.modules.unitywebrequestaudio)
[Package Manager]  * Package :  com.unity.modules.unitywebrequesttexture@1.0.0
    (location: C:\Program Files\Unity\Hub\Editor\2018.2.0b11\Editor\Data\Resources\PackageManager\BuiltInPackages\com.unity.modules.unitywebrequesttexture)
[Package Manager]  * Package :  com.unity.modules.unitywebrequestwww@1.0.0
    (location: C:\Program Files\Unity\Hub\Editor\2018.2.0b11\Editor\Data\Resources\PackageManager\BuiltInPackages\com.unity.modules.unitywebrequestwww)
[Package Manager]  * Package :  com.unity.modules.vehicles@1.0.0
    (location: C:\Program Files\Unity\Hub\Editor\2018.2.0b11\Editor\Data\Resources\PackageManager\BuiltInPackages\com.unity.modules.vehicles)
[Package Manager]  * Package :  com.unity.modules.video@1.0.0
    (location: C:\Program Files\Unity\Hub\Editor\2018.2.0b11\Editor\Data\Resources\PackageManager\BuiltInPackages\com.unity.modules.video)
[Package Manager]  * Package :  com.unity.modules.vr@1.0.0
    (location: C:\Program Files\Unity\Hub\Editor\2018.2.0b11\Editor\Data\Resources\PackageManager\BuiltInPackages\com.unity.modules.vr)
[Package Manager]  * Package :  com.unity.modules.wind@1.0.0
    (location: C:\Program Files\Unity\Hub\Editor\2018.2.0b11\Editor\Data\Resources\PackageManager\BuiltInPackages\com.unity.modules.wind)
[Package Manager]  * Package :  com.unity.modules.xr@1.0.0
    (location: C:\Program Files\Unity\Hub\Editor\2018.2.0b11\Editor\Data\Resources\PackageManager\BuiltInPackages\com.unity.modules.xr)
[Package Manager]  * Package :  com.unity.standardevents@1.0.13
    (location: C:\Users\t_sun\AppData\Local\Unity\cache\packages\packages.unity.com\com.unity.standardevents@1.0.13)
[Package Manager] Done registering packages in 0.02s seconds
IsTimeToCheckForNewEditor: Update time 1530838266 current 1530838315
Initialize engine version: 2018.2.0b11 (912020d71ebf)
GfxDevice: creating device client; threaded=1
Direct3D:
    Version:  Direct3D 11.0 [level 11.1]
    Renderer: NVIDIA GeForce GTX 1050 (ID=0x1c81)
    Vendor:   
    VRAM:     1987 MB
    Driver:   23.21.13.8816
WARNING: Shader Unsupported: 'AR/TangoARRender' - Pass '' has no vertex shader
WARNING: Shader Unsupported: 'AR/TangoARRender' - Setting to default shader.
WARNING: Shader Unsupported: 'Hidden/VideoDecodeOSX' - Pass 'Flip_RGBARect_To_RGBA' has no vertex shader
WARNING: Shader Unsupported: 'Hidden/VideoDecodeOSX' - Setting to default shader.
WARNING: Shader Unsupported: 'Hidden/VideoDecodeAndroid' - Pass 'RGBAExternal_To_RGBA' has no vertex shader
WARNING: Shader Unsupported: 'Hidden/VideoDecodeAndroid' - Setting to default shader.
Initialize mono
Mono path[0] = 'C:/Program Files/Unity/Hub/Editor/2018.2.0b11/Editor/Data/Managed'
Mono path[1] = 'C:/Program Files/Unity/Hub/Editor/2018.2.0b11/Editor/Data/Mono/lib/mono/2.0'
Mono config path = 'C:/Program Files/Unity/Hub/Editor/2018.2.0b11/Editor/Data/Mono/etc'
Using monoOptions --debugger-agent=transport=dt_socket,embedding=1,defer=y,address=0.0.0.0:56200
error:14090086:lib(20):func(144):reason(134)Begin MonoManager ReloadAssembly
Refreshing native plugins compatible for Editor in 0.57 ms, found 13 plugins.
Initializing Unity.PackageManager (PackageManager) v2018.2.0 for Unity v2018.2.0b11
Registering precompiled unity dll's ...
Register platform support module: C:\Program Files\Unity\Hub\Editor\2018.2.0b11\Editor\Data\PlaybackEngines\windowsstandalonesupport/UnityEditor.WindowsStandalone.Extensions.dll
Registered in 0.002469 seconds.
Registering precompiled user dll's ...
Registered in 0.037157 seconds.
Refreshing native plugins compatible for Editor in 0.63 ms, found 13 plugins.
Preloading 3 native plugins for Editor in 4.89 ms.
Mono: successfully reloaded assembly
- Completed reload, in  0.829 seconds
Registering platform support modules:
Registered platform support modules in: 0.0630886s.
Native extension for WindowsStandalone target not found
Begin MonoManager ReloadAssembly
Refreshing native plugins compatible for Editor in 0.62 ms, found 13 plugins.
Preloading 3 native plugins for Editor in 0.94 ms.
Mono: successfully reloaded assembly
- Completed reload, in  0.821 seconds
Initializing Unity.PackageManager (PackageManager) v2018.2.0 for Unity v2018.2.0b11
Registering platform support modules:
Registered platform support modules in: 0.0348252s.
Native extension for WindowsStandalone target not found
Validating Project structure ... 0.000241 seconds.
Refresh: detecting if any assets need to be imported or removed ...
Refresh: elapses 0.014624 seconds (Nothing changed)
Refresh completed in 0.014730 seconds.
WARNING: Shader Unsupported: 'Hidden/VideoDecodeOSX' - Pass 'Flip_RGBARect_To_RGBA' has no vertex shader
WARNING: Shader Unsupported: 'Hidden/VideoDecodeOSX' - Setting to default shader.
WARNING: Shader Unsupported: 'AR/TangoARRender' - Pass '' has no vertex shader
WARNING: Shader Unsupported: 'AR/TangoARRender' - Setting to default shader.
WARNING: Shader Unsupported: 'Hidden/VideoDecodeAndroid' - Pass 'RGBAExternal_To_RGBA' has no vertex shader
WARNING: Shader Unsupported: 'Hidden/VideoDecodeAndroid' - Setting to default shader.
Warming cache for 540 main assets: 0.001007 seconds elapsed
Initializing Unity extensions:
 'C:/Program Files/Unity/Hub/Editor/2018.2.0b11/Editor/Data/UnityExtensions/Unity/UnityHoloLens/Editor/UnityEditor.HoloLens.dll'  GUID: 12fd8a0055b84bb59e84c9835a37e333
 'C:/Program Files/Unity/Hub/Editor/2018.2.0b11/Editor/Data/UnityExtensions/Unity/Timeline/Runtime/UnityEngine.Timeline.dll'  GUID: 6a10b2909283487f913b00d94cd3faf5
 'C:/Program Files/Unity/Hub/Editor/2018.2.0b11/Editor/Data/UnityExtensions/Unity/TestRunner/portable/nunit.framework.dll'  GUID: 405b9b51bb344a128608d968297df79c
 'C:/Program Files/Unity/Hub/Editor/2018.2.0b11/Editor/Data/UnityExtensions/Unity/GUISystem/Standalone/UnityEngine.UI.dll'  GUID: f70555f144d8491a825f0804e09c671c
 'C:/Program Files/Unity/Hub/Editor/2018.2.0b11/Editor/Data/UnityExtensions/Unity/GUISystem/UnityEngine.UI.dll'  GUID: f5f67c52d1564df4a8936ccd202a3bd8
 'C:/Program Files/Unity/Hub/Editor/2018.2.0b11/Editor/Data/UnityExtensions/Unity/Timeline/RuntimeEditor/UnityEngine.Timeline.dll'  GUID: 844f815391db42d49455cbf1a7bfc434
 'C:/Program Files/Unity/Hub/Editor/2018.2.0b11/Editor/Data/UnityExtensions/Unity/Networking/Standalone/UnityEngine.Networking.dll'  GUID: dc443db3e92b4983b9738c1131f555cb
 'C:/Program Files/Unity/Hub/Editor/2018.2.0b11/Editor/Data/UnityExtensions/Unity/UnitySpatialTracking/Runtime/UnityEngine.SpatialTracking.dll'  GUID: ed7343f30e3843b3afda8f8b02669cea
 'C:/Program Files/Unity/Hub/Editor/2018.2.0b11/Editor/Data/UnityExtensions/Unity/UnityGoogleAudioSpatializer/Editor/UnityEditor.GoogleAudioSpatializer.dll'  GUID: 4a3ecb1425d14502837abea459cf2b70
 'C:/Program Files/Unity/Hub/Editor/2018.2.0b11/Editor/Data/UnityExtensions/Unity/Networking/Editor/UnityEditor.Networking.dll'  GUID: 5f32cd94baa94578a686d4b9d6b660f7
 'C:/Program Files/Unity/Hub/Editor/2018.2.0b11/Editor/Data/UnityExtensions/Unity/UnityHoloLens/Runtime/UnityEngine.HoloLens.dll'  GUID: f7b54ff4a43d4fcf81b4538b678e0bcc
 'C:/Program Files/Unity/Hub/Editor/2018.2.0b11/Editor/Data/UnityExtensions/Unity/UnitySpatialTracking/Editor/UnityEditor.SpatialTracking.dll'  GUID: b5da970776034f77a070d99423d68791
 'C:/Program Files/Unity/Hub/Editor/2018.2.0b11/Editor/Data/UnityExtensions/Unity/TreeEditor/Editor/UnityEditor.TreeEditor.dll'  GUID: adebbd281f1a4ef3a30be7f21937e02f
 'C:/Program Files/Unity/Hub/Editor/2018.2.0b11/Editor/Data/UnityExtensions/Unity/Networking/UnityEngine.Networking.dll'  GUID: 870353891bb340e2b2a9c8707e7419ba
 'C:/Program Files/Unity/Hub/Editor/2018.2.0b11/Editor/Data/UnityExtensions/Unity/TestRunner/UnityEngine.TestRunner.dll'  GUID: 53ebcfaa2e1e4e2dbc85882cd5a73fa1
 'C:/Program Files/Unity/Hub/Editor/2018.2.0b11/Editor/Data/UnityExtensions/Unity/UnityGoogleAudioSpatializer/RuntimeEditor/UnityEngine.GoogleAudioSpatializer.dll'  GUID: ead147da21254ff9a0a936bdd75e1680
 'C:/Program Files/Unity/Hub/Editor/2018.2.0b11/Editor/Data/UnityExtensions/Unity/UnityGoogleAudioSpatializer/Runtime/UnityEngine.GoogleAudioSpatializer.dll'  GUID: e4f4cf1b9b434137a499903a7a1d651a
 'C:/Program Files/Unity/Hub/Editor/2018.2.0b11/Editor/Data/UnityExtensions/Unity/UnityVR/Editor/UnityEditor.VR.dll'  GUID: 4ba2329b63d54f0187bcaa12486b1b0f
 'C:/Program Files/Unity/Hub/Editor/2018.2.0b11/Editor/Data/UnityExtensions/Unity/UnityHoloLens/RuntimeEditor/UnityEngine.HoloLens.dll'  GUID: 1c6d1fbb51834b64847b1b73a75bfc77
 'C:/Program Files/Unity/Hub/Editor/2018.2.0b11/Editor/Data/UnityExtensions/Unity/UnitySpatialTracking/RuntimeEditor/UnityEngine.SpatialTracking.dll'  GUID: 3a84de5cd0624681b6b6dcd8921d912a
 'C:/Program Files/Unity/Hub/Editor/2018.2.0b11/Editor/Data/UnityExtensions/Unity/GUISystem/Editor/UnityEditor.UI.dll'  GUID: 80a3616ca19596e4da0f10f14d241e9f
 'C:/Program Files/Unity/Hub/Editor/2018.2.0b11/Editor/Data/UnityExtensions/Unity/TestRunner/Editor/UnityEditor.TestRunner.dll'  GUID: 4113173d5e95493ab8765d7b08371de4
 'C:/Program Files/Unity/Hub/Editor/2018.2.0b11/Editor/Data/UnityExtensions/Unity/TestRunner/net35/unity-custom/nunit.framework.dll'  GUID: 4b3fa4bde7f1451a8218c03ee6a8ded8
 'C:/Program Files/Unity/Hub/Editor/2018.2.0b11/Editor/Data/UnityExtensions/Unity/Timeline/Editor/UnityEditor.Timeline.dll'  GUID: 7668179ede524d6396c8b7d84461ea29
Unloading 266 Unused Serialized files (Serialized files now loaded: 0)
System memory in use before: 111.5 MB.
System memory in use after: 110.2 MB.

Unloading 98 unused Assets to reduce memory usage. Loaded Objects now: 938.
Total: 3.837700 ms (FindLiveObjects: 0.910600 ms CreateObjectMapping: 0.027700 ms MarkObjects: 1.505100 ms  DeleteObjects: 1.393100 ms)

<RI> Initialized touch support.
<RI> Initialized touch support.
<RI> Initialized touch support.
<RI> Initialized touch support.
<RI> Initialized touch support.
<RI> Initialized touch support.
<RI> Initialized touch support.
Refresh: detecting if any assets need to be imported or removed ...
Refresh: elapses 0.016289 seconds (Nothing changed)
Refresh completed in 0.016405 seconds.
<RI> Initializing input.
<RI> Input initialized.
Launched and connected shader compiler UnityShaderCompiler.exe after 0.03 seconds
- Starting compile Library/ScriptAssemblies/Unity.TextMeshPro.dll
- Starting compile Library/ScriptAssemblies/Unity.PackageManagerUI.Editor.dll
- Starting compile Library/ScriptAssemblies/UnityEditor.StandardEvents.dll
EditorUpdateCheck: Failed Cert handshake failed. verify result: UNITYTLS_X509VERIFY_FATAL_ERROR. error state: 7
Hub Web Socket connection default:(null):reason:29
Hub Web Socket HTTP protocol init
Hub Web Socket filter pre-establish
Hub Web Socket connection established
Created GICache directory at C:/Users/t_sun/AppData/LocalLow/Unity/Caches/GiCache. Took: 0.067s, timestamps: [5.822 - 5.889]
Issue TrimJob to reduce GI Cache size to maximum 10GB at: 'C:/Users/t_sun/AppData/LocalLow/Unity/Caches/GiCache'
[00:00:01] Enlighten: Precompute started.
TrimDiskCacheJob: Current cache size 1mb
[00:00:01] Enlighten: Finished 1 Layout Systems job (0.00s execute, 0.00s integrate, 0.05s wallclock)
[00:00:01] Enlighten: Finished 1 Tetrahedralize Probes job (0.00s execute, 0.00s integrate, 0.06s wallclock)
[00:00:01] Enlighten: Precompute took 0.113919 seconds.
Enlighten scene contents:   0 geometries.   0 instances.   0 systems.   0 probe groups.   0 cube maps. Scene is up-to-date.
[00:00:01] Enlighten: Bake started.
Setting up 4 worker threads for Enlighten.
  Thread -> id: 1a84 -> priority: 1 
  Thread -> id: 4950 -> priority: 1 
  Thread -> id: 22ec -> priority: 1 
  Thread -> id: 5804 -> priority: 1 
[00:00:01] Enlighten: Finished 1 Bake Runtime job (0.05s execute, 0.00s integrate, 0.05s wallclock)
[00:00:01] Enlighten: Bake took 0.052368 seconds.
[PathTracer] Issuing atlassing job. Atlas hash: bc06a9703e5ae257241f86e6e5e9cb62, width: 1024, height: 1024
[PathTracer] Integrated atlassing. Atlas hash: bc06a9703e5ae257241f86e6e5e9cb62 -> Atlas count: 0 -> Instance count: 0 -> Estimated texel count: 0.000M.
[PathTracer] Updated environment lighting, hash 2f7f4954d5c03d982b37cd08a8bea534.
[PathTracer][LP] Issuing deduplication and tetrahedralization job. Combined: 80257199cfa681a16be5e09b3c2208f4, tetrahedralized probes: 00000000000000000000000000000000, non-tetrahedralized probes: 00000000000000000000000000000000, dependencies: 00000000000000000000000000000000
[PathTracer][LP] Integrating deduplicated and tetrahedralized probes for hash 80257199cfa681a16be5e09b3c2208f4.
- Finished compile Library/ScriptAssemblies/UnityEditor.StandardEvents.dll
[PathTracer] Common reset.
[PathTracer] Lightmap reset.
[PathTracer][LP] Light probes reset.
- Finished compile Library/ScriptAssemblies/Unity.PackageManagerUI.Editor.dll
[PathTracer][CB] Custom bakes reset.
[PathTracer] building lightmap data asset.
[PathTracer] building lightmap data asset.
[00:00:02] Enlighten: Reflection Probes started.
[00:00:02] Enlighten: Finished 1 Ambient Probes job (0.00s execute, 0.00s integrate, 0.05s wallclock)
- Finished compile Library/ScriptAssemblies/Unity.TextMeshPro.dll
Symbols will be read from Temp\Unity.TextMeshPro.dll.mdb
Script Module: Unity.TextMeshPro.dll
Pass: 0 took 48 milliseconds
Pass: 1 took 13 milliseconds
- Starting compile Library/ScriptAssemblies/Unity.TextMeshPro.Editor.dll
[00:00:02] Enlighten: Finished 1 Reflection Probes job (0.00s execute, 0.00s integrate, 0.28s wallclock)
- Finished compile Library/ScriptAssemblies/Unity.TextMeshPro.Editor.dll
Reloading assemblies after finishing script compilation.
Begin MonoManager ReloadAssembly
Refreshing native plugins compatible for Editor in 6.63 ms, found 13 plugins.
Preloading 3 native plugins for Editor in 0.76 ms.
Mono: successfully reloaded assembly
Refreshing native plugins compatible for Editor in 0.65 ms, found 13 plugins.
Preloading 3 native plugins for Editor in 0.97 ms.

----- Total AssetImport time: 0.132966s, AssetImport time: 0.000000s, Asset hashing: 0.000000s [0 B, 0.000000 mb/s]

- Completed reload, in  1.349 seconds
Initializing Unity.PackageManager (PackageManager) v2018.2.0 for Unity v2018.2.0b11
Registering platform support modules:
Registered platform support modules in: 0.030378s.
Native extension for WindowsStandalone target not found
[Performance] ApplicationTickTimer          :     2248 samples, Peak.  45.7 s (2031.9x), Avg.  22.5 ms, Total. 50.51 s (66.6%)
[Performance] VCProvider                    :     2248 samples, Peak.  40.0 us (27.2x), Avg.  1.47 us, Total. 3.305 ms (0.0%)
[Performance] ReloadAllUsedAssemblies       :       75 samples, Peak.  1.55 s (60.0x), Avg.  25.9 ms, Total. 1.945 s (2.6%)
[Performance] Internal_SwitchSkin           :     2248 samples, Peak.   300 ns (3.6x), Avg.  82.5 ns, Total. 185.4 us (0.0%)
[Performance] UnityConnect                  :      261 samples, Peak.   205 ms (259.0x), Avg.   793 us, Total. 207.0 ms (0.3%)
[Performance] VerifyUpdate                  :     2248 samples, Peak.  1.70 us (6.9x), Avg.   248 ns, Total. 557.2 us (0.0%)
[Performance] Collab                        :      261 samples, Peak.   802 us (119.2x), Avg.  6.73 us, Total. 1.757 ms (0.0%)
[Performance] CEF                           :      586 samples, Peak.  1.38 ms (10.6x), Avg.   130 us, Total. 76.45 ms (0.1%)
[Performance] CurlRequestCheck              :      139 samples, Peak.  18.2 ms (135.5x), Avg.   134 us, Total. 18.69 ms (0.0%)
[Performance] HubClient                     :     2248 samples, Peak.   357 us (160.5x), Avg.  2.22 us, Total. 5.001 ms (0.0%)
[Performance] SceneBackgroundTask           :       96 samples, Peak.   900 ns (1.7x), Avg.   529 ns, Total. 50.80 us (0.0%)
[Performance] DoScheduler                   :      977 samples, Peak.  1.32 ms (39.8x), Avg.  33.2 us, Total. 32.42 ms (0.0%)
[Performance] RepaintAllProfilerWindows     :     2248 samples, Peak.   490 us (558.2x), Avg.   878 ns, Total. 1.974 ms (0.0%)
[Performance] HandlePlayerUpdates           :      261 samples, Peak.  65.1 us (1.6x), Avg.  40.9 us, Total. 10.68 ms (0.0%)
[Performance] GlobalCallbacks               :     2248 samples, Peak.  7.84 ms (101.5x), Avg.  77.2 us, Total. 173.5 ms (0.2%)
[Performance] PreloadManager                :     2248 samples, Peak.   154 us (8.5x), Avg.  18.2 us, Total. 40.97 ms (0.1%)
[Performance] SceneTracker                  :     2248 samples, Peak.  13.2 ms (56.7x), Avg.   232 us, Total. 521.6 ms (0.7%)
[Performance] UpdateConsoleLog              :       75 samples, Peak.   466 us (31.1x), Avg.  15.0 us, Total. 1.122 ms (0.0%)
[Performance] UpdatePackageImport           :       75 samples, Peak.  1.00 us (1.7x), Avg.   599 ns, Total. 44.90 us (0.0%)
[Performance] HierarchyWindowTick           :       96 samples, Peak.   706 us (92.3x), Avg.  7.65 us, Total. 734.4 us (0.0%)
[Performance] UpdateInspectorMonoBehaviours :       96 samples, Peak.  2.76 ms (4.5x), Avg.   606 us, Total. 58.14 ms (0.1%)
[Performance] UpdateTooltip                 :      260 samples, Peak.  10.0 ms (108.7x), Avg.  92.4 us, Total. 24.02 ms (0.0%)
[Performance] RequestRepaintForPanels       :     2248 samples, Peak.   178 us (20.9x), Avg.  8.50 us, Total. 19.11 ms (0.0%)
[Performance] UpdateSceneIfNeeded           :     2248 samples, Peak.  45.7 s (2174.1x), Avg.  21.0 ms, Total. 47.21 s (62.2%)
[Performance] UpdateVideoTextures           :     2248 samples, Peak.  15.2 us (25.7x), Avg.   591 ns, Total. 1.328 ms (0.0%)
[Performance] Video                         :     2248 samples, Peak.  52.9 us (38.2x), Avg.  1.38 us, Total. 3.111 ms (0.0%)
[Performance] RequestRepaintForPanels       :     2248 samples, Peak.  36.2 us (7.2x), Avg.  5.06 us, Total. 11.36 ms (0.0%)
[Performance] ChangeLayoutIfNeeded          :     2248 samples, Peak.  43.5 us (126.2x), Avg.   345 ns, Total. 774.8 us (0.0%)
[Performance] ApplicationTickTimer          :     4060 samples, Peak.  33.5 us (88.0x), Avg.   380 ns, Total. 1.545 ms (0.0%)
Refresh: detecting if any assets need to be imported or removed ...
Refresh: elapses 0.019459 seconds (Nothing changed)
Refresh completed in 0.019570 seconds.
Server Came alive after 321.0133 ms
Connect to CacheServer localhost:53020
Couldn't connect to Cache Server.
Could not receive reply from cache server.
 
(Filename: C:\buildslave\unity\build\Modules/AssetDatabase/Editor/V1/CacheServer/CacheServerCommunicationNodeJS.cpp Line: 108)

Disconnect from CacheServer
Updating ProjectSettings/ProjectSettings.asset - GUID: 00000000000000004000000000000000...
 done. [Time: 11.629000 ms] 
Refreshing native plugins compatible for Editor in 0.66 ms, found 13 plugins.
Preloading 3 native plugins for Editor in 0.84 ms.

----- Total AssetImport time: 0.493005s, AssetImport time: 0.048546s, Asset hashing: 0.000000s [0 B, 0.000000 mb/s]

Refresh: detecting if any assets need to be imported or removed ...
Refresh: elapses 0.016424 seconds (Nothing changed)
Refresh completed in 0.016557 seconds.
[Package Manager] Server::Kill -- Server was shutdown
Cleanup mono
Checking for leaked weakptr:
  Found no leaked weakptrs.
##utp:{"type":"MemoryLeaks","allocatedMemory":6034658,"memoryLabels":[{"Default":1180},{"NewDelete":5770048},{"Thread":8},{"Manager":336},{"VertexData":384},{"GfxDevice":768},{"FMOD":640},{"Physics":1},{"Serialization":40},{"String":51803},{"DynamicArray":22662},{"HashMap":768},{"Curl":2872},{"PoolAlloc":360},{"Sprites":8},{"GI":480},{"VR":1516},{"Secure":8},{"EditorGui":320},{"EditorUtility":1072},{"AssetImporter":32},{"RestService":56},{"ProgressiveLightmapper":92192},{"UnityConnect":17104},{"Collab":696},{"Upm":66448},{"HubClient":64},{"WebSocketClient":2792}]}
