
LICENSE SYSTEM [201876 9:50:1] Next license update check is after 2018-07-06T00:43:30

Built from '2018.2/staging' branch; Version is '2018.2.0b11 (912020d71ebf) revision 9510944'; Using compiler version '191225831'
OS: 'Windows 10  (10.0.0) 64bit' Language: 'zh' Physical Memory: 32713 MB
BatchMode: 0, IsHumanControllingUs: 1, StartBugReporterOnCrash: 1, Is64bit: 1, IsPro: 1
[Package Manager] Server::Start -- Port 65296 was selected

 COMMAND LINE ARGUMENTS:
C:\Program Files\Unity\Hub\Editor\2018.2.0b11\Editor\Unity.exe
-projectpath
G:\Work\IncrementalTest
-cloudEnvironment
production
-useHub
-hubSessionId
62cb7650-80b4-11e8-a389-cbe3c1ce5bbd
Successfully changed project path to: G:\Work\IncrementalTest
G:/Work/IncrementalTest
Loading GUID <-> Path mappings...0.000065 seconds
Loading Asset Database...0.007110 seconds
Audio: FMOD Profiler initialized on port 54900
AssetDatabase consistency checks...0.013183 seconds
Refreshing native plugins compatible for Editor in 29.73 ms, found 4 plugins.
Preloading 0 native plugins for Editor in 0.00 ms.
[Package Manager] Done resolving packages in 0.18s seconds
[Package Manager] Registering 37 packages:
[Package Manager]  * Package :  com.unity.ads@2.0.8
    (location: C:\Users\t_sun\AppData\Local\Unity\cache\packages\packages.unity.com\com.unity.ads@2.0.8)
[Package Manager]  * Package :  com.unity.analytics@2.0.16
    (location: C:\Users\t_sun\AppData\Local\Unity\cache\packages\packages.unity.com\com.unity.analytics@2.0.16)
[Package Manager]  * Package :  com.unity.incrementalcompiler@0.0.42-preview.1
    (location: C:\Users\t_sun\AppData\Local\Unity\cache\packages\packages.unity.com\com.unity.incrementalcompiler@0.0.42-preview.1)
[Package Manager]  * Package :  com.unity.package-manager-ui@1.9.11
    (location: C:\Users\t_sun\AppData\Local\Unity\cache\packages\packages.unity.com\com.unity.package-manager-ui@1.9.11)
[Package Manager]  * Package :  com.unity.purchasing@2.0.3
    (location: C:\Users\t_sun\AppData\Local\Unity\cache\packages\packages.unity.com\com.unity.purchasing@2.0.3)
[Package Manager]  * Package :  com.unity.textmeshpro@1.2.1
    (location: C:\Users\t_sun\AppData\Local\Unity\cache\packages\packages.unity.com\com.unity.textmeshpro@1.2.1)
[Package Manager]  * Package :  com.unity.modules.ai@1.0.0
    (location: C:\Program Files\Unity\Hub\Editor\2018.2.0b11\Editor\Data\Resources\PackageManager\BuiltInPackages\com.unity.modules.ai)
[Package Manager]  * Package :  com.unity.modules.animation@1.0.0
    (location: C:\Program Files\Unity\Hub\Editor\2018.2.0b11\Editor\Data\Resources\PackageManager\BuiltInPackages\com.unity.modules.animation)
[Package Manager]  * Package :  com.unity.modules.assetbundle@1.0.0
    (location: C:\Program Files\Unity\Hub\Editor\2018.2.0b11\Editor\Data\Resources\PackageManager\BuiltInPackages\com.unity.modules.assetbundle)
[Package Manager]  * Package :  com.unity.modules.audio@1.0.0
    (location: C:\Program Files\Unity\Hub\Editor\2018.2.0b11\Editor\Data\Resources\PackageManager\BuiltInPackages\com.unity.modules.audio)
[Package Manager]  * Package :  com.unity.modules.cloth@1.0.0
    (location: C:\Program Files\Unity\Hub\Editor\2018.2.0b11\Editor\Data\Resources\PackageManager\BuiltInPackages\com.unity.modules.cloth)
[Package Manager]  * Package :  com.unity.modules.director@1.0.0
    (location: C:\Program Files\Unity\Hub\Editor\2018.2.0b11\Editor\Data\Resources\PackageManager\BuiltInPackages\com.unity.modules.director)
[Package Manager]  * Package :  com.unity.modules.imageconversion@1.0.0
    (location: C:\Program Files\Unity\Hub\Editor\2018.2.0b11\Editor\Data\Resources\PackageManager\BuiltInPackages\com.unity.modules.imageconversion)
[Package Manager]  * Package :  com.unity.modules.imgui@1.0.0
    (location: C:\Program Files\Unity\Hub\Editor\2018.2.0b11\Editor\Data\Resources\PackageManager\BuiltInPackages\com.unity.modules.imgui)
[Package Manager]  * Package :  com.unity.modules.jsonserialize@1.0.0
    (location: C:\Program Files\Unity\Hub\Editor\2018.2.0b11\Editor\Data\Resources\PackageManager\BuiltInPackages\com.unity.modules.jsonserialize)
[Package Manager]  * Package :  com.unity.modules.particlesystem@1.0.0
    (location: C:\Program Files\Unity\Hub\Editor\2018.2.0b11\Editor\Data\Resources\PackageManager\BuiltInPackages\com.unity.modules.particlesystem)
[Package Manager]  * Package :  com.unity.modules.physics@1.0.0
    (location: C:\Program Files\Unity\Hub\Editor\2018.2.0b11\Editor\Data\Resources\PackageManager\BuiltInPackages\com.unity.modules.physics)
[Package Manager]  * Package :  com.unity.modules.physics2d@1.0.0
    (location: C:\Program Files\Unity\Hub\Editor\2018.2.0b11\Editor\Data\Resources\PackageManager\BuiltInPackages\com.unity.modules.physics2d)
[Package Manager]  * Package :  com.unity.modules.screencapture@1.0.0
    (location: C:\Program Files\Unity\Hub\Editor\2018.2.0b11\Editor\Data\Resources\PackageManager\BuiltInPackages\com.unity.modules.screencapture)
[Package Manager]  * Package :  com.unity.modules.terrain@1.0.0
    (location: C:\Program Files\Unity\Hub\Editor\2018.2.0b11\Editor\Data\Resources\PackageManager\BuiltInPackages\com.unity.modules.terrain)
[Package Manager]  * Package :  com.unity.modules.terrainphysics@1.0.0
    (location: C:\Program Files\Unity\Hub\Editor\2018.2.0b11\Editor\Data\Resources\PackageManager\BuiltInPackages\com.unity.modules.terrainphysics)
[Package Manager]  * Package :  com.unity.modules.tilemap@1.0.0
    (location: C:\Program Files\Unity\Hub\Editor\2018.2.0b11\Editor\Data\Resources\PackageManager\BuiltInPackages\com.unity.modules.tilemap)
[Package Manager]  * Package :  com.unity.modules.ui@1.0.0
    (location: C:\Program Files\Unity\Hub\Editor\2018.2.0b11\Editor\Data\Resources\PackageManager\BuiltInPackages\com.unity.modules.ui)
[Package Manager]  * Package :  com.unity.modules.uielements@1.0.0
    (location: C:\Program Files\Unity\Hub\Editor\2018.2.0b11\Editor\Data\Resources\PackageManager\BuiltInPackages\com.unity.modules.uielements)
[Package Manager]  * Package :  com.unity.modules.umbra@1.0.0
    (location: C:\Program Files\Unity\Hub\Editor\2018.2.0b11\Editor\Data\Resources\PackageManager\BuiltInPackages\com.unity.modules.umbra)
[Package Manager]  * Package :  com.unity.modules.unityanalytics@1.0.0
    (location: C:\Program Files\Unity\Hub\Editor\2018.2.0b11\Editor\Data\Resources\PackageManager\BuiltInPackages\com.unity.modules.unityanalytics)
[Package Manager]  * Package :  com.unity.modules.unitywebrequest@1.0.0
    (location: C:\Program Files\Unity\Hub\Editor\2018.2.0b11\Editor\Data\Resources\PackageManager\BuiltInPackages\com.unity.modules.unitywebrequest)
[Package Manager]  * Package :  com.unity.modules.unitywebrequestassetbundle@1.0.0
    (location: C:\Program Files\Unity\Hub\Editor\2018.2.0b11\Editor\Data\Resources\PackageManager\BuiltInPackages\com.unity.modules.unitywebrequestassetbundle)
[Package Manager]  * Package :  com.unity.modules.unitywebrequestaudio@1.0.0
    (location: C:\Program Files\Unity\Hub\Editor\2018.2.0b11\Editor\Data\Resources\PackageManager\BuiltInPackages\com.unity.modules.unitywebrequestaudio)
[Package Manager]  * Package :  com.unity.modules.unitywebrequesttexture@1.0.0
    (location: C:\Program Files\Unity\Hub\Editor\2018.2.0b11\Editor\Data\Resources\PackageManager\BuiltInPackages\com.unity.modules.unitywebrequesttexture)
[Package Manager]  * Package :  com.unity.modules.unitywebrequestwww@1.0.0
    (location: C:\Program Files\Unity\Hub\Editor\2018.2.0b11\Editor\Data\Resources\PackageManager\BuiltInPackages\com.unity.modules.unitywebrequestwww)
[Package Manager]  * Package :  com.unity.modules.vehicles@1.0.0
    (location: C:\Program Files\Unity\Hub\Editor\2018.2.0b11\Editor\Data\Resources\PackageManager\BuiltInPackages\com.unity.modules.vehicles)
[Package Manager]  * Package :  com.unity.modules.video@1.0.0
    (location: C:\Program Files\Unity\Hub\Editor\2018.2.0b11\Editor\Data\Resources\PackageManager\BuiltInPackages\com.unity.modules.video)
[Package Manager]  * Package :  com.unity.modules.vr@1.0.0
    (location: C:\Program Files\Unity\Hub\Editor\2018.2.0b11\Editor\Data\Resources\PackageManager\BuiltInPackages\com.unity.modules.vr)
[Package Manager]  * Package :  com.unity.modules.wind@1.0.0
    (location: C:\Program Files\Unity\Hub\Editor\2018.2.0b11\Editor\Data\Resources\PackageManager\BuiltInPackages\com.unity.modules.wind)
[Package Manager]  * Package :  com.unity.modules.xr@1.0.0
    (location: C:\Program Files\Unity\Hub\Editor\2018.2.0b11\Editor\Data\Resources\PackageManager\BuiltInPackages\com.unity.modules.xr)
[Package Manager]  * Package :  com.unity.standardevents@1.0.13
    (location: C:\Users\t_sun\AppData\Local\Unity\cache\packages\packages.unity.com\com.unity.standardevents@1.0.13)
[Package Manager] Done registering packages in 0.02s seconds
IsTimeToCheckForNewEditor: Update time 1530838161 current 1530838202
Initialize engine version: 2018.2.0b11 (912020d71ebf)
GfxDevice: creating device client; threaded=1
Direct3D:
    Version:  Direct3D 11.0 [level 11.1]
    Renderer: NVIDIA GeForce GTX 1050 (ID=0x1c81)
    Vendor:   
    VRAM:     1987 MB
    Driver:   23.21.13.8816
WARNING: Shader Unsupported: 'AR/TangoARRender' - Pass '' has no vertex shader
WARNING: Shader Unsupported: 'AR/TangoARRender' - Setting to default shader.
WARNING: Shader Unsupported: 'Hidden/VideoDecodeOSX' - Pass 'Flip_RGBARect_To_RGBA' has no vertex shader
WARNING: Shader Unsupported: 'Hidden/VideoDecodeOSX' - Setting to default shader.
WARNING: Shader Unsupported: 'Hidden/VideoDecodeAndroid' - Pass 'RGBAExternal_To_RGBA' has no vertex shader
WARNING: Shader Unsupported: 'Hidden/VideoDecodeAndroid' - Setting to default shader.
Initialize mono
Mono path[0] = 'C:/Program Files/Unity/Hub/Editor/2018.2.0b11/Editor/Data/Managed'
Mono path[1] = 'C:/Program Files/Unity/Hub/Editor/2018.2.0b11/Editor/Data/Mono/lib/mono/2.0'
Mono config path = 'C:/Program Files/Unity/Hub/Editor/2018.2.0b11/Editor/Data/Mono/etc'
Using monoOptions --debugger-agent=transport=dt_socket,embedding=1,defer=y,address=0.0.0.0:56500
Begin MonoManager ReloadAssembly
Refreshing native plugins compatible for Editor in 0.58 ms, found 13 plugins.
error:14090086:lib(20):func(144):reason(134)Initializing Unity.PackageManager (PackageManager) v2018.2.0 for Unity v2018.2.0b11
Registering precompiled unity dll's ...
Register platform support module: C:\Program Files\Unity\Hub\Editor\2018.2.0b11\Editor\Data\PlaybackEngines\windowsstandalonesupport/UnityEditor.WindowsStandalone.Extensions.dll
Registered in 0.002582 seconds.
Registering precompiled user dll's ...
Registered in 0.034693 seconds.
Refreshing native plugins compatible for Editor in 0.79 ms, found 13 plugins.
Preloading 3 native plugins for Editor in 4.58 ms.
Mono: successfully reloaded assembly
- Completed reload, in  0.809 seconds
Registering platform support modules:
Registered platform support modules in: 0.062744s.
Native extension for WindowsStandalone target not found
Begin MonoManager ReloadAssembly
Refreshing native plugins compatible for Editor in 0.66 ms, found 13 plugins.
Preloading 3 native plugins for Editor in 0.80 ms.
Mono: successfully reloaded assembly
- Completed reload, in  0.807 seconds
Initializing Unity.PackageManager (PackageManager) v2018.2.0 for Unity v2018.2.0b11
Registering platform support modules:
Registered platform support modules in: 0.0351196s.
Native extension for WindowsStandalone target not found
Validating Project structure ... 0.000224 seconds.
Refresh: detecting if any assets need to be imported or removed ...
Refresh: elapses 0.014050 seconds (Nothing changed)
Refresh completed in 0.014154 seconds.
WARNING: Shader Unsupported: 'Hidden/VideoDecodeAndroid' - Pass 'RGBAExternal_To_RGBA' has no vertex shader
WARNING: Shader Unsupported: 'Hidden/VideoDecodeAndroid' - Setting to default shader.
WARNING: Shader Unsupported: 'Hidden/VideoDecodeOSX' - Pass 'Flip_RGBARect_To_RGBA' has no vertex shader
WARNING: Shader Unsupported: 'Hidden/VideoDecodeOSX' - Setting to default shader.
WARNING: Shader Unsupported: 'AR/TangoARRender' - Pass '' has no vertex shader
WARNING: Shader Unsupported: 'AR/TangoARRender' - Setting to default shader.
Warming cache for 540 main assets: 0.000908 seconds elapsed
Initializing Unity extensions:
 'C:/Program Files/Unity/Hub/Editor/2018.2.0b11/Editor/Data/UnityExtensions/Unity/UnityHoloLens/Editor/UnityEditor.HoloLens.dll'  GUID: 12fd8a0055b84bb59e84c9835a37e333
 'C:/Program Files/Unity/Hub/Editor/2018.2.0b11/Editor/Data/UnityExtensions/Unity/Timeline/Runtime/UnityEngine.Timeline.dll'  GUID: 6a10b2909283487f913b00d94cd3faf5
 'C:/Program Files/Unity/Hub/Editor/2018.2.0b11/Editor/Data/UnityExtensions/Unity/TestRunner/portable/nunit.framework.dll'  GUID: 405b9b51bb344a128608d968297df79c
 'C:/Program Files/Unity/Hub/Editor/2018.2.0b11/Editor/Data/UnityExtensions/Unity/GUISystem/Standalone/UnityEngine.UI.dll'  GUID: f70555f144d8491a825f0804e09c671c
 'C:/Program Files/Unity/Hub/Editor/2018.2.0b11/Editor/Data/UnityExtensions/Unity/GUISystem/UnityEngine.UI.dll'  GUID: f5f67c52d1564df4a8936ccd202a3bd8
 'C:/Program Files/Unity/Hub/Editor/2018.2.0b11/Editor/Data/UnityExtensions/Unity/Timeline/RuntimeEditor/UnityEngine.Timeline.dll'  GUID: 844f815391db42d49455cbf1a7bfc434
 'C:/Program Files/Unity/Hub/Editor/2018.2.0b11/Editor/Data/UnityExtensions/Unity/Networking/Standalone/UnityEngine.Networking.dll'  GUID: dc443db3e92b4983b9738c1131f555cb
 'C:/Program Files/Unity/Hub/Editor/2018.2.0b11/Editor/Data/UnityExtensions/Unity/UnitySpatialTracking/Runtime/UnityEngine.SpatialTracking.dll'  GUID: ed7343f30e3843b3afda8f8b02669cea
 'C:/Program Files/Unity/Hub/Editor/2018.2.0b11/Editor/Data/UnityExtensions/Unity/UnityGoogleAudioSpatializer/Editor/UnityEditor.GoogleAudioSpatializer.dll'  GUID: 4a3ecb1425d14502837abea459cf2b70
 'C:/Program Files/Unity/Hub/Editor/2018.2.0b11/Editor/Data/UnityExtensions/Unity/Networking/Editor/UnityEditor.Networking.dll'  GUID: 5f32cd94baa94578a686d4b9d6b660f7
 'C:/Program Files/Unity/Hub/Editor/2018.2.0b11/Editor/Data/UnityExtensions/Unity/UnityHoloLens/Runtime/UnityEngine.HoloLens.dll'  GUID: f7b54ff4a43d4fcf81b4538b678e0bcc
 'C:/Program Files/Unity/Hub/Editor/2018.2.0b11/Editor/Data/UnityExtensions/Unity/UnitySpatialTracking/Editor/UnityEditor.SpatialTracking.dll'  GUID: b5da970776034f77a070d99423d68791
 'C:/Program Files/Unity/Hub/Editor/2018.2.0b11/Editor/Data/UnityExtensions/Unity/TreeEditor/Editor/UnityEditor.TreeEditor.dll'  GUID: adebbd281f1a4ef3a30be7f21937e02f
 'C:/Program Files/Unity/Hub/Editor/2018.2.0b11/Editor/Data/UnityExtensions/Unity/Networking/UnityEngine.Networking.dll'  GUID: 870353891bb340e2b2a9c8707e7419ba
 'C:/Program Files/Unity/Hub/Editor/2018.2.0b11/Editor/Data/UnityExtensions/Unity/TestRunner/UnityEngine.TestRunner.dll'  GUID: 53ebcfaa2e1e4e2dbc85882cd5a73fa1
 'C:/Program Files/Unity/Hub/Editor/2018.2.0b11/Editor/Data/UnityExtensions/Unity/UnityGoogleAudioSpatializer/RuntimeEditor/UnityEngine.GoogleAudioSpatializer.dll'  GUID: ead147da21254ff9a0a936bdd75e1680
 'C:/Program Files/Unity/Hub/Editor/2018.2.0b11/Editor/Data/UnityExtensions/Unity/UnityGoogleAudioSpatializer/Runtime/UnityEngine.GoogleAudioSpatializer.dll'  GUID: e4f4cf1b9b434137a499903a7a1d651a
 'C:/Program Files/Unity/Hub/Editor/2018.2.0b11/Editor/Data/UnityExtensions/Unity/UnityVR/Editor/UnityEditor.VR.dll'  GUID: 4ba2329b63d54f0187bcaa12486b1b0f
 'C:/Program Files/Unity/Hub/Editor/2018.2.0b11/Editor/Data/UnityExtensions/Unity/UnityHoloLens/RuntimeEditor/UnityEngine.HoloLens.dll'  GUID: 1c6d1fbb51834b64847b1b73a75bfc77
 'C:/Program Files/Unity/Hub/Editor/2018.2.0b11/Editor/Data/UnityExtensions/Unity/UnitySpatialTracking/RuntimeEditor/UnityEngine.SpatialTracking.dll'  GUID: 3a84de5cd0624681b6b6dcd8921d912a
 'C:/Program Files/Unity/Hub/Editor/2018.2.0b11/Editor/Data/UnityExtensions/Unity/GUISystem/Editor/UnityEditor.UI.dll'  GUID: 80a3616ca19596e4da0f10f14d241e9f
 'C:/Program Files/Unity/Hub/Editor/2018.2.0b11/Editor/Data/UnityExtensions/Unity/TestRunner/Editor/UnityEditor.TestRunner.dll'  GUID: 4113173d5e95493ab8765d7b08371de4
 'C:/Program Files/Unity/Hub/Editor/2018.2.0b11/Editor/Data/UnityExtensions/Unity/TestRunner/net35/unity-custom/nunit.framework.dll'  GUID: 4b3fa4bde7f1451a8218c03ee6a8ded8
 'C:/Program Files/Unity/Hub/Editor/2018.2.0b11/Editor/Data/UnityExtensions/Unity/Timeline/Editor/UnityEditor.Timeline.dll'  GUID: 7668179ede524d6396c8b7d84461ea29
Unloading 266 Unused Serialized files (Serialized files now loaded: 0)
System memory in use before: 111.6 MB.
System memory in use after: 110.4 MB.

Unloading 98 unused Assets to reduce memory usage. Loaded Objects now: 938.
Total: 4.116000 ms (FindLiveObjects: 1.021100 ms CreateObjectMapping: 0.030300 ms MarkObjects: 1.625600 ms  DeleteObjects: 1.437700 ms)

<RI> Initialized touch support.
<RI> Initialized touch support.
<RI> Initialized touch support.
<RI> Initialized touch support.
<RI> Initialized touch support.
<RI> Initialized touch support.
<RI> Initialized touch support.
Refresh: detecting if any assets need to be imported or removed ...
Refresh: elapses 0.017355 seconds (Nothing changed)
Refresh completed in 0.017471 seconds.
<RI> Initializing input.
<RI> Input initialized.
Launched and connected shader compiler UnityShaderCompiler.exe after 0.03 seconds
- Starting compile Library/ScriptAssemblies/Unity.TextMeshPro.dll
- Starting compile Library/ScriptAssemblies/Unity.PackageManagerUI.Editor.dll
- Starting compile Library/ScriptAssemblies/UnityEditor.StandardEvents.dll
EditorUpdateCheck: Failed Cert handshake failed. verify result: UNITYTLS_X509VERIFY_FATAL_ERROR. error state: 7
Hub Web Socket connection default:(null):reason:29
Hub Web Socket HTTP protocol init
Hub Web Socket filter pre-establish
Hub Web Socket connection established
Created GICache directory at C:/Users/t_sun/AppData/LocalLow/Unity/Caches/GiCache. Took: 0.063s, timestamps: [5.732 - 5.795]
Issue TrimJob to reduce GI Cache size to maximum 10GB at: 'C:/Users/t_sun/AppData/LocalLow/Unity/Caches/GiCache'
[00:00:01] Enlighten: Precompute started.
TrimDiskCacheJob: Current cache size 1mb
[00:00:01] Enlighten: Finished 1 Layout Systems job (0.00s execute, 0.00s integrate, 0.06s wallclock)
[00:00:01] Enlighten: Finished 1 Tetrahedralize Probes job (0.00s execute, 0.00s integrate, 0.05s wallclock)
[00:00:01] Enlighten: Precompute took 0.106353 seconds.
Enlighten scene contents:   0 geometries.   0 instances.   0 systems.   0 probe groups.   0 cube maps. Scene is up-to-date.
[00:00:01] Enlighten: Bake started.
Setting up 4 worker threads for Enlighten.
  Thread -> id: 5544 -> priority: 1 
  Thread -> id: 2ee0 -> priority: 1 
  Thread -> id: 4a1c -> priority: 1 
  Thread -> id: 3fac -> priority: 1 
[00:00:01] Enlighten: Finished 1 Bake Runtime job (0.04s execute, 0.00s integrate, 0.05s wallclock)
[00:00:01] Enlighten: Bake took 0.046528 seconds.
[PathTracer] Issuing atlassing job. Atlas hash: bc06a9703e5ae257241f86e6e5e9cb62, width: 1024, height: 1024
[PathTracer] Integrated atlassing. Atlas hash: bc06a9703e5ae257241f86e6e5e9cb62 -> Atlas count: 0 -> Instance count: 0 -> Estimated texel count: 0.000M.
[PathTracer] Updated environment lighting, hash 2f7f4954d5c03d982b37cd08a8bea534.
[PathTracer][LP] Issuing deduplication and tetrahedralization job. Combined: 80257199cfa681a16be5e09b3c2208f4, tetrahedralized probes: 00000000000000000000000000000000, non-tetrahedralized probes: 00000000000000000000000000000000, dependencies: 00000000000000000000000000000000
[PathTracer][LP] Integrating deduplicated and tetrahedralized probes for hash 80257199cfa681a16be5e09b3c2208f4.
- Finished compile Library/ScriptAssemblies/UnityEditor.StandardEvents.dll
[PathTracer] Common reset.
[PathTracer] Lightmap reset.
- Finished compile Library/ScriptAssemblies/Unity.PackageManagerUI.Editor.dll
[PathTracer][LP] Light probes reset.
[PathTracer][CB] Custom bakes reset.
[PathTracer] building lightmap data asset.
[PathTracer] building lightmap data asset.
[00:00:02] Enlighten: Reflection Probes started.
- Finished compile Library/ScriptAssemblies/Unity.TextMeshPro.dll
Symbols will be read from Temp\Unity.TextMeshPro.dll.mdb
Script Module: Unity.TextMeshPro.dll
Pass: 0 took 46 milliseconds
Pass: 1 took 13 milliseconds
- Starting compile Library/ScriptAssemblies/Unity.TextMeshPro.Editor.dll
[00:00:02] Enlighten: Finished 1 Ambient Probes job (0.00s execute, 0.00s integrate, 0.24s wallclock)
[00:00:02] Enlighten: Finished 1 Reflection Probes job (0.00s execute, 0.00s integrate, 0.05s wallclock)
- Finished compile Library/ScriptAssemblies/Unity.TextMeshPro.Editor.dll
Reloading assemblies after finishing script compilation.
Begin MonoManager ReloadAssembly
Refreshing native plugins compatible for Editor in 6.86 ms, found 13 plugins.
Preloading 3 native plugins for Editor in 0.75 ms.
Mono: successfully reloaded assembly
Refreshing native plugins compatible for Editor in 0.81 ms, found 13 plugins.
Preloading 3 native plugins for Editor in 0.83 ms.

----- Total AssetImport time: 0.121196s, AssetImport time: 0.000000s, Asset hashing: 0.000000s [0 B, 0.000000 mb/s]

- Completed reload, in  1.370 seconds
Initializing Unity.PackageManager (PackageManager) v2018.2.0 for Unity v2018.2.0b11
Registering platform support modules:
Registered platform support modules in: 0.0303435s.
Native extension for WindowsStandalone target not found
Refresh: detecting if any assets need to be imported or removed ...
Refresh: elapses 0.048245 seconds (Nothing changed)
Refresh completed in 0.048460 seconds.
[Performance] ApplicationTickTimer          :      322 samples, Peak.  1.77 s (223.0x), Avg.  7.94 ms, Total. 2.557 s (21.8%)
[Performance] VCProvider                    :      322 samples, Peak.  16.1 us (16.0x), Avg.  1.00 us, Total. 323.3 us (0.0%)
[Performance] ReloadAllUsedAssemblies       :       21 samples, Peak.  1.58 s (17.1x), Avg.  92.1 ms, Total. 1.933 s (16.5%)
[Performance] Internal_SwitchSkin           :      322 samples, Peak.   200 ns (8.3x), Avg.  24.2 ns, Total. 7.800 us (0.0%)
[Performance] UnityConnect                  :       56 samples, Peak.   206 ms (55.8x), Avg.  3.70 ms, Total. 207.1 ms (1.8%)
[Performance] VerifyUpdate                  :      322 samples, Peak.  1.10 us (10.7x), Avg.   103 ns, Total. 33.10 us (0.0%)
[Performance] Collab                        :       56 samples, Peak.   625 us (45.0x), Avg.  13.9 us, Total. 778.4 us (0.0%)
[Performance] CEF                           :      106 samples, Peak.  2.02 ms (15.9x), Avg.   127 us, Total. 13.50 ms (0.1%)
[Performance] CurlRequestCheck              :       39 samples, Peak.  15.6 ms (38.6x), Avg.   404 us, Total. 15.77 ms (0.1%)
[Performance] HubClient                     :      322 samples, Peak.   488 us (92.2x), Avg.  5.29 us, Total. 1.705 ms (0.0%)
[Performance] SceneBackgroundTask           :       23 samples, Peak.  1.00 us (2.5x), Avg.   400 ns, Total. 9.200 us (0.0%)
[Performance] DoScheduler                   :      161 samples, Peak.  1.81 ms (49.7x), Avg.  36.3 us, Total. 5.850 ms (0.0%)
[Performance] RepaintAllProfilerWindows     :      305 samples, Peak.   438 us (158.5x), Avg.  2.77 us, Total. 843.8 us (0.0%)
[Performance] HandlePlayerUpdates           :       56 samples, Peak.  60.1 us (2.3x), Avg.  25.6 us, Total. 1.435 ms (0.0%)
[Performance] GlobalCallbacks               :      322 samples, Peak.  6.32 ms (86.4x), Avg.  73.2 us, Total. 23.56 ms (0.2%)
[Performance] PreloadManager                :      322 samples, Peak.  26.6 us (3.2x), Avg.  8.23 us, Total. 2.649 ms (0.0%)
[Performance] SceneTracker                  :      322 samples, Peak.  18.0 ms (81.0x), Avg.   223 us, Total. 71.69 ms (0.6%)
[Performance] UpdateConsoleLog              :       13 samples, Peak.   559 us (9.1x), Avg.  61.3 us, Total. 797.0 us (0.0%)
[Performance] UpdatePackageImport           :       13 samples, Peak.   600 ns (1.8x), Avg.   331 ns, Total. 4.300 us (0.0%)
[Performance] HierarchyWindowTick           :       15 samples, Peak.  1.02 ms (15.0x), Avg.  68.1 us, Total. 1.022 ms (0.0%)
[Performance] UpdateInspectorMonoBehaviours :       15 samples, Peak.  1.09 ms (3.9x), Avg.   279 us, Total. 4.179 ms (0.0%)
[Performance] UpdateTooltip                 :       40 samples, Peak.  61.2 us (5.5x), Avg.  11.1 us, Total. 442.2 us (0.0%)
[Performance] RequestRepaintForPanels       :      305 samples, Peak.   185 us (38.0x), Avg.  4.86 us, Total. 1.483 ms (0.0%)
[Performance] UpdateSceneIfNeeded           :      305 samples, Peak.   178 ms (221.4x), Avg.   804 us, Total. 245.2 ms (2.1%)
[Performance] UpdateVideoTextures           :      305 samples, Peak.  1.00 us (3.3x), Avg.   307 ns, Total. 93.70 us (0.0%)
[Performance] Video                         :      305 samples, Peak.  15.0 us (18.1x), Avg.   828 ns, Total. 252.6 us (0.0%)
[Performance] RequestRepaintForPanels       :      305 samples, Peak.  29.8 us (15.0x), Avg.  1.98 us, Total. 604.1 us (0.0%)
[Performance] ChangeLayoutIfNeeded          :      322 samples, Peak.   600 ns (4.1x), Avg.   146 ns, Total. 47.00 us (0.0%)
[Performance] RepaintAll                    :       17 samples, Peak.  6.68 ms (8.8x), Avg.   758 us, Total. 12.89 ms (0.1%)
[Performance] UpdateConsoleLog              :        8 samples, Peak.  12.1 us (1.3x), Avg.  9.50 us, Total. 76.00 us (0.0%)
Refresh: detecting if any assets need to be imported or removed ...
Refresh: elapses 0.019775 seconds (Nothing changed)
Refresh completed in 0.019909 seconds.
Refresh: detecting if any assets need to be imported or removed ...
Refresh: elapses 0.015137 seconds (Nothing changed)
Refresh completed in 0.015247 seconds.
[Package Manager] Server::Kill -- Server was shutdown
Cleanup mono
debugger-agent: Unable to listen on 4072
Checking for leaked weakptr:
  Found no leaked weakptrs.
##utp:{"type":"MemoryLeaks","allocatedMemory":5961045,"memoryLabels":[{"Default":1180},{"NewDelete":5701776},{"Manager":224},{"VertexData":288},{"GfxDevice":688},{"FMOD":640},{"Physics":1},{"Serialization":40},{"String":48974},{"DynamicArray":21982},{"HashMap":768},{"Curl":1336},{"PoolAlloc":360},{"Sprites":8},{"GI":480},{"VR":1516},{"Secure":8},{"EditorGui":320},{"EditorUtility":1072},{"AssetImporter":32},{"RestService":56},{"ProgressiveLightmapper":92192},{"UnityConnect":17104},{"Collab":696},{"Upm":66448},{"HubClient":64},{"WebSocketClient":2792}]}
